2024-06-24 18:08:06,499 p=3444395 u=upszot n=ansible | [WARNING]: A duplicate localhost-like entry was found (localhost). First found localhost was 127.0.0.1

2024-06-24 18:08:06,598 p=3444395 u=upszot n=ansible | PLAY [all] **********************************************************************************************************************************************************************************************************************************
2024-06-24 18:08:06,609 p=3444395 u=upszot n=ansible | TASK [Gathering Facts] **********************************************************************************************************************************************************************************************************************
2024-06-24 18:08:07,746 p=3444395 u=upszot n=ansible | ok: [localhost]
2024-06-24 18:08:07,775 p=3444395 u=upszot n=ansible | TASK [include_role : 2do_parcial] ***********************************************************************************************************************************************************************************************************
2024-06-24 18:08:07,805 p=3444395 u=upszot n=ansible | TASK [2do_parcial : debug] ******************************************************************************************************************************************************************************************************************
2024-06-24 18:08:07,817 p=3444395 u=upszot n=ansible | ok: [localhost] => {
    "msg": "Tareas del 2do Parcial"
}
2024-06-24 18:08:07,836 p=3444395 u=upszot n=ansible | TASK [Otra tarea] ***************************************************************************************************************************************************************************************************************************
2024-06-24 18:08:07,851 p=3444395 u=upszot n=ansible | ok: [localhost] => {
    "msg": "Despues de la ejecucion del rol"
}
2024-06-24 18:08:07,885 p=3444395 u=upszot n=ansible | PLAY RECAP **********************************************************************************************************************************************************************************************************************************
2024-06-24 18:08:07,885 p=3444395 u=upszot n=ansible | localhost                  : ok=3    changed=0    unreachable=0    failed=0    skipped=0    rescued=0    ignored=0   
2026-06-25 01:36:17,632 p=25114 u=vagrant n=ansible | [WARNING]: A duplicate localhost-like entry was found (localhost). First found localhost was 127.0.0.1

2026-06-25 01:36:17,639 p=25114 u=vagrant n=ansible | [WARNING]: Could not match supplied host pattern, ignoring: UTN

2026-06-25 01:36:17,639 p=25114 u=vagrant n=ansible | ERROR! Specified hosts and/or --limit does not match any hosts
2026-06-25 01:38:29,412 p=25120 u=vagrant n=ansible | [WARNING]: A duplicate localhost-like entry was found (localhost). First found localhost was 127.0.0.1

2026-06-25 01:38:29,608 p=25120 u=vagrant n=ansible | PLAY [all] ********************************************************************************************************************************************************************************************************************************************************************
2026-06-25 01:38:29,622 p=25120 u=vagrant n=ansible | TASK [Gathering Facts] ********************************************************************************************************************************************************************************************************************************************************
2026-06-25 01:38:30,511 p=25120 u=vagrant n=ansible | ok: [localhost]
2026-06-25 01:38:30,525 p=25120 u=vagrant n=ansible | TASK [include_role : 2do_parcial] *********************************************************************************************************************************************************************************************************************************************
2026-06-25 01:38:30,555 p=25120 u=vagrant n=ansible | TASK [2do_parcial : Crear estructura de directorios] **************************************************************************************************************************************************************************************************************************
2026-06-25 01:38:30,841 p=25120 u=vagrant n=ansible | changed: [localhost] => (item=alumno)
2026-06-25 01:38:30,993 p=25120 u=vagrant n=ansible | changed: [localhost] => (item=equipo)
2026-06-25 01:38:31,001 p=25120 u=vagrant n=ansible | TASK [2do_parcial : Crear datos_alumno.txt usando template] *******************************************************************************************************************************************************************************************************************
2026-06-25 01:38:31,502 p=25120 u=vagrant n=ansible | changed: [localhost]
2026-06-25 01:38:31,508 p=25120 u=vagrant n=ansible | TASK [2do_parcial : Crear datos_equipo.txt usando template] *******************************************************************************************************************************************************************************************************************
2026-06-25 01:38:31,812 p=25120 u=vagrant n=ansible | changed: [localhost]
2026-06-25 01:38:31,818 p=25120 u=vagrant n=ansible | TASK [2do_parcial : Configurar sudoers para 2PSupervisores] *******************************************************************************************************************************************************************************************************************
2026-06-25 01:38:32,050 p=25120 u=vagrant n=ansible | An exception occurred during task execution. To see the full traceback, use -vvv. The error was: PermissionError: [Errno 13] Permission denied: b'/home/vagrant/.ansible/tmp/ansible-tmp-1782351511.8316693-25343-147061758933311/tmpoz_0skst' -> b'/etc/sudoers.d/2PSupervisores'
2026-06-25 01:38:32,050 p=25120 u=vagrant n=ansible | fatal: [localhost]: FAILED! => {"changed": false, "msg": "The destination directory (/etc/sudoers.d) is not writable by the current user. Error was: [Errno 13] Permission denied: b'/etc/sudoers.d/.ansible_tmpjm1eaz052PSupervisores'"}
2026-06-25 01:38:32,051 p=25120 u=vagrant n=ansible | PLAY RECAP ********************************************************************************************************************************************************************************************************************************************************************
2026-06-25 01:38:32,052 p=25120 u=vagrant n=ansible | localhost                  : ok=4    changed=3    unreachable=0    failed=1    skipped=0    rescued=0    ignored=0   
2026-06-25 01:41:09,168 p=25371 u=vagrant n=ansible | [WARNING]: A duplicate localhost-like entry was found (localhost). First found localhost was 127.0.0.1

2026-06-25 01:41:09,284 p=25371 u=vagrant n=ansible | PLAY [all] ********************************************************************************************************************************************************************************************************************************************************************
2026-06-25 01:41:09,293 p=25371 u=vagrant n=ansible | TASK [Gathering Facts] ********************************************************************************************************************************************************************************************************************************************************
2026-06-25 01:41:10,128 p=25371 u=vagrant n=ansible | ok: [localhost]
2026-06-25 01:41:10,141 p=25371 u=vagrant n=ansible | TASK [include_role : 2do_parcial] *********************************************************************************************************************************************************************************************************************************************
2026-06-25 01:41:10,170 p=25371 u=vagrant n=ansible | TASK [2do_parcial : Crear estructura de directorios] **************************************************************************************************************************************************************************************************************************
2026-06-25 01:41:10,452 p=25371 u=vagrant n=ansible | ok: [localhost] => (item=alumno)
2026-06-25 01:41:10,602 p=25371 u=vagrant n=ansible | ok: [localhost] => (item=equipo)
2026-06-25 01:41:10,609 p=25371 u=vagrant n=ansible | TASK [2do_parcial : Crear datos_alumno.txt usando template] *******************************************************************************************************************************************************************************************************************
2026-06-25 01:41:11,121 p=25371 u=vagrant n=ansible | ok: [localhost]
2026-06-25 01:41:11,127 p=25371 u=vagrant n=ansible | TASK [2do_parcial : Crear datos_equipo.txt usando template] *******************************************************************************************************************************************************************************************************************
2026-06-25 01:41:11,441 p=25371 u=vagrant n=ansible | ok: [localhost]
2026-06-25 01:41:11,448 p=25371 u=vagrant n=ansible | TASK [2do_parcial : Configurar sudoers para 2PSupervisores] *******************************************************************************************************************************************************************************************************************
2026-06-25 01:41:11,688 p=25371 u=vagrant n=ansible | changed: [localhost]
2026-06-25 01:41:11,696 p=25371 u=vagrant n=ansible | TASK [Otra tarea] *************************************************************************************************************************************************************************************************************************************************************
2026-06-25 01:41:11,706 p=25371 u=vagrant n=ansible | ok: [localhost] => {
    "msg": "Despues de la ejecucion del rol"
}
2026-06-25 01:41:11,720 p=25371 u=vagrant n=ansible | PLAY RECAP ********************************************************************************************************************************************************************************************************************************************************************
2026-06-25 01:41:11,720 p=25371 u=vagrant n=ansible | localhost                  : ok=6    changed=1    unreachable=0    failed=0    skipped=0    rescued=0    ignored=0   
